%!Adobe-FontList 1.16
%Locale:0x412

%BeginFont
Handler:DirectoryHandler
FontType:Invalid
OutlineFileName:C:\Users\do\Desktop\livinginfuniture\Font\BernhardFashion BT.eot
FileModTime:1448437351
%EndFont

%BeginFont
Handler:DirectoryHandler
FontType:Invalid
OutlineFileName:C:\Users\do\Desktop\livinginfuniture\Font\BernhardFashion BT.svg
FileModTime:1448437351
%EndFont

%BeginFont
Handler:DirectoryHandler
FontType:TrueType
FontName:BernhardFashionBT-Regular
FamilyName:BernhardFashion BT
StyleName:Regular
FullName:Bernhard Fashion BT
MenuName:BernhardFashion BT
StyleBits:0
WritingScript:Roman
OutlineFileName:C:\Users\do\Desktop\livinginfuniture\Font\BernhardFashion BT.ttf
DataFormat:sfntData
FileLength:48356
FileModTime:1448437351
WeightClass:400
WidthClass:5
AngleClass:0
NameArray:0,Mac,4,Bernhard Fashion BT
NameArray:0,Win,1,BernhardFashion BT
%EndFont

%BeginFont
Handler:DirectoryHandler
FontType:Type1
FontName:BernhardFashionBT-Regular
FamilyName:BernhardFashion BT
StyleName:BT
FullName:Bernhard Fashion BT
MenuName:Bernhard Fashion BT
StyleBits:0
WritingScript:Roman
OutlineFileName:C:\Users\do\Desktop\livinginfuniture\Font\BernhardFashion BT.woff
DataFormat:Plain
UsesStandardEncoding:no
isCFF:no
FileLength:48720
FileModTime:1448437351
WeightClass:400
WidthClass:5
AngleClass:0
DesignSize:-1
%EndFont

